<?xml version="1.0" encoding="UTF-8"?>
<testsuite xmlns:xsi="http://www.w3.org/2001/XMLSchema-instance" xsi:noNamespaceSchemaLocation="https://maven.apache.org/surefire/maven-surefire-plugin/xsd/surefire-test-report.xsd" name="TestIndex" time="7,155.336" tests="1" errors="0" skipped="0" failures="0">
  <properties>
    <property name="java.specification.version" value="17"/>
    <property name="sun.jnu.encoding" value="UTF-8"/>
    <property name="java.class.path" value="/home/david/CSC483/MiniWatson/target/test-classes:/home/david/CSC483/MiniWatson/target/classes:/home/david/.m2/repository/org/apache/opennlp/opennlp-tools/2.2.0/opennlp-tools-2.2.0.jar:/home/david/.m2/repository/org/slf4j/slf4j-api/1.7.36/slf4j-api-1.7.36.jar:/home/david/.m2/repository/org/apache/lucene/lucene-analyzers-opennlp/8.10.0/lucene-analyzers-opennlp-8.10.0.jar:/home/david/.m2/repository/edu/stanford/nlp/stanford-corenlp/4.3.1/stanford-corenlp-4.3.1.jar:/home/david/.m2/repository/com/apple/AppleJavaExtensions/1.4/AppleJavaExtensions-1.4.jar:/home/david/.m2/repository/de/jollyday/jollyday/0.4.9/jollyday-0.4.9.jar:/home/david/.m2/repository/org/apache/commons/commons-lang3/3.3.1/commons-lang3-3.3.1.jar:/home/david/.m2/repository/javax/servlet/javax.servlet-api/3.0.1/javax.servlet-api-3.0.1.jar:/home/david/.m2/repository/xom/xom/1.3.7/xom-1.3.7.jar:/home/david/.m2/repository/xerces/xercesImpl/2.8.0/xercesImpl-2.8.0.jar:/home/david/.m2/repository/xml-apis/xml-apis/1.3.03/xml-apis-1.3.03.jar:/home/david/.m2/repository/xalan/xalan/2.7.2/xalan-2.7.2.jar:/home/david/.m2/repository/xalan/serializer/2.7.2/serializer-2.7.2.jar:/home/david/.m2/repository/joda-time/joda-time/2.10.5/joda-time-2.10.5.jar:/home/david/.m2/repository/org/ejml/ejml-core/0.39/ejml-core-0.39.jar:/home/david/.m2/repository/org/ejml/ejml-ddense/0.39/ejml-ddense-0.39.jar:/home/david/.m2/repository/org/ejml/ejml-simple/0.39/ejml-simple-0.39.jar:/home/david/.m2/repository/org/ejml/ejml-fdense/0.39/ejml-fdense-0.39.jar:/home/david/.m2/repository/org/ejml/ejml-cdense/0.39/ejml-cdense-0.39.jar:/home/david/.m2/repository/org/ejml/ejml-zdense/0.39/ejml-zdense-0.39.jar:/home/david/.m2/repository/org/ejml/ejml-dsparse/0.39/ejml-dsparse-0.39.jar:/home/david/.m2/repository/org/ejml/ejml-fsparse/0.39/ejml-fsparse-0.39.jar:/home/david/.m2/repository/org/glassfish/javax.json/1.0.4/javax.json-1.0.4.jar:/home/david/.m2/repository/com/google/protobuf/protobuf-java/3.11.4/protobuf-java-3.11.4.jar:/home/david/.m2/repository/javax/activation/javax.activation-api/1.2.0/javax.activation-api-1.2.0.jar:/home/david/.m2/repository/javax/xml/bind/jaxb-api/2.4.0-b180830.0359/jaxb-api-2.4.0-b180830.0359.jar:/home/david/.m2/repository/com/sun/xml/bind/jaxb-core/2.3.0.1/jaxb-core-2.3.0.1.jar:/home/david/.m2/repository/com/sun/xml/bind/jaxb-impl/2.4.0-b180830.0438/jaxb-impl-2.4.0-b180830.0438.jar:/home/david/.m2/repository/com/google/guava/guava/30.1.1-jre/guava-30.1.1-jre.jar:/home/david/.m2/repository/com/google/guava/failureaccess/1.0.1/failureaccess-1.0.1.jar:/home/david/.m2/repository/com/google/guava/listenablefuture/9999.0-empty-to-avoid-conflict-with-guava/listenablefuture-9999.0-empty-to-avoid-conflict-with-guava.jar:/home/david/.m2/repository/com/google/code/findbugs/jsr305/3.0.2/jsr305-3.0.2.jar:/home/david/.m2/repository/org/checkerframework/checker-qual/3.8.0/checker-qual-3.8.0.jar:/home/david/.m2/repository/com/google/errorprone/error_prone_annotations/2.5.1/error_prone_annotations-2.5.1.jar:/home/david/.m2/repository/com/google/j2objc/j2objc-annotations/1.3/j2objc-annotations-1.3.jar:/home/david/.m2/repository/org/apache/lucene/lucene-core/7.7.1/lucene-core-7.7.1.jar:/home/david/.m2/repository/org/apache/lucene/lucene-queryparser/7.7.1/lucene-queryparser-7.7.1.jar:/home/david/.m2/repository/org/apache/lucene/lucene-queries/7.7.1/lucene-queries-7.7.1.jar:/home/david/.m2/repository/org/apache/lucene/lucene-sandbox/7.7.1/lucene-sandbox-7.7.1.jar:/home/david/.m2/repository/org/apache/lucene/lucene-analyzers-common/7.7.1/lucene-analyzers-common-7.7.1.jar:/home/david/.m2/repository/org/junit/jupiter/junit-jupiter-engine/5.3.1/junit-jupiter-engine-5.3.1.jar:/home/david/.m2/repository/org/apiguardian/apiguardian-api/1.0.0/apiguardian-api-1.0.0.jar:/home/david/.m2/repository/org/junit/platform/junit-platform-engine/1.3.1/junit-platform-engine-1.3.1.jar:/home/david/.m2/repository/org/junit/platform/junit-platform-commons/1.3.1/junit-platform-commons-1.3.1.jar:/home/david/.m2/repository/org/opentest4j/opentest4j/1.1.1/opentest4j-1.1.1.jar:/home/david/.m2/repository/org/junit/jupiter/junit-jupiter-api/5.3.1/junit-jupiter-api-5.3.1.jar:/home/david/.m2/repository/ch/qos/logback/logback-classic/1.2.3/logback-classic-1.2.3.jar:/home/david/.m2/repository/ch/qos/logback/logback-core/1.2.3/logback-core-1.2.3.jar:"/>
    <property name="java.vm.vendor" value="Oracle Corporation"/>
    <property name="sun.arch.data.model" value="64"/>
    <property name="java.vendor.url" value="https://java.oracle.com/"/>
    <property name="os.name" value="Linux"/>
    <property name="java.vm.specification.version" value="17"/>
    <property name="sun.java.launcher" value="SUN_STANDARD"/>
    <property name="sun.boot.library.path" value="/usr/lib/jvm/java-17-oracle/lib"/>
    <property name="sun.java.command" value="/home/david/CSC483/MiniWatson/target/surefire/surefirebooter5906102696016920636.jar /home/david/CSC483/MiniWatson/target/surefire 2023-04-27T01-55-55_030-jvmRun1 surefire4076985604704077669tmp surefire_018190646975290352342tmp"/>
    <property name="jdk.debug" value="release"/>
    <property name="surefire.test.class.path" value="/home/david/CSC483/MiniWatson/target/test-classes:/home/david/CSC483/MiniWatson/target/classes:/home/david/.m2/repository/org/apache/opennlp/opennlp-tools/2.2.0/opennlp-tools-2.2.0.jar:/home/david/.m2/repository/org/slf4j/slf4j-api/1.7.36/slf4j-api-1.7.36.jar:/home/david/.m2/repository/org/apache/lucene/lucene-analyzers-opennlp/8.10.0/lucene-analyzers-opennlp-8.10.0.jar:/home/david/.m2/repository/edu/stanford/nlp/stanford-corenlp/4.3.1/stanford-corenlp-4.3.1.jar:/home/david/.m2/repository/com/apple/AppleJavaExtensions/1.4/AppleJavaExtensions-1.4.jar:/home/david/.m2/repository/de/jollyday/jollyday/0.4.9/jollyday-0.4.9.jar:/home/david/.m2/repository/org/apache/commons/commons-lang3/3.3.1/commons-lang3-3.3.1.jar:/home/david/.m2/repository/javax/servlet/javax.servlet-api/3.0.1/javax.servlet-api-3.0.1.jar:/home/david/.m2/repository/xom/xom/1.3.7/xom-1.3.7.jar:/home/david/.m2/repository/xerces/xercesImpl/2.8.0/xercesImpl-2.8.0.jar:/home/david/.m2/repository/xml-apis/xml-apis/1.3.03/xml-apis-1.3.03.jar:/home/david/.m2/repository/xalan/xalan/2.7.2/xalan-2.7.2.jar:/home/david/.m2/repository/xalan/serializer/2.7.2/serializer-2.7.2.jar:/home/david/.m2/repository/joda-time/joda-time/2.10.5/joda-time-2.10.5.jar:/home/david/.m2/repository/org/ejml/ejml-core/0.39/ejml-core-0.39.jar:/home/david/.m2/repository/org/ejml/ejml-ddense/0.39/ejml-ddense-0.39.jar:/home/david/.m2/repository/org/ejml/ejml-simple/0.39/ejml-simple-0.39.jar:/home/david/.m2/repository/org/ejml/ejml-fdense/0.39/ejml-fdense-0.39.jar:/home/david/.m2/repository/org/ejml/ejml-cdense/0.39/ejml-cdense-0.39.jar:/home/david/.m2/repository/org/ejml/ejml-zdense/0.39/ejml-zdense-0.39.jar:/home/david/.m2/repository/org/ejml/ejml-dsparse/0.39/ejml-dsparse-0.39.jar:/home/david/.m2/repository/org/ejml/ejml-fsparse/0.39/ejml-fsparse-0.39.jar:/home/david/.m2/repository/org/glassfish/javax.json/1.0.4/javax.json-1.0.4.jar:/home/david/.m2/repository/com/google/protobuf/protobuf-java/3.11.4/protobuf-java-3.11.4.jar:/home/david/.m2/repository/javax/activation/javax.activation-api/1.2.0/javax.activation-api-1.2.0.jar:/home/david/.m2/repository/javax/xml/bind/jaxb-api/2.4.0-b180830.0359/jaxb-api-2.4.0-b180830.0359.jar:/home/david/.m2/repository/com/sun/xml/bind/jaxb-core/2.3.0.1/jaxb-core-2.3.0.1.jar:/home/david/.m2/repository/com/sun/xml/bind/jaxb-impl/2.4.0-b180830.0438/jaxb-impl-2.4.0-b180830.0438.jar:/home/david/.m2/repository/com/google/guava/guava/30.1.1-jre/guava-30.1.1-jre.jar:/home/david/.m2/repository/com/google/guava/failureaccess/1.0.1/failureaccess-1.0.1.jar:/home/david/.m2/repository/com/google/guava/listenablefuture/9999.0-empty-to-avoid-conflict-with-guava/listenablefuture-9999.0-empty-to-avoid-conflict-with-guava.jar:/home/david/.m2/repository/com/google/code/findbugs/jsr305/3.0.2/jsr305-3.0.2.jar:/home/david/.m2/repository/org/checkerframework/checker-qual/3.8.0/checker-qual-3.8.0.jar:/home/david/.m2/repository/com/google/errorprone/error_prone_annotations/2.5.1/error_prone_annotations-2.5.1.jar:/home/david/.m2/repository/com/google/j2objc/j2objc-annotations/1.3/j2objc-annotations-1.3.jar:/home/david/.m2/repository/org/apache/lucene/lucene-core/7.7.1/lucene-core-7.7.1.jar:/home/david/.m2/repository/org/apache/lucene/lucene-queryparser/7.7.1/lucene-queryparser-7.7.1.jar:/home/david/.m2/repository/org/apache/lucene/lucene-queries/7.7.1/lucene-queries-7.7.1.jar:/home/david/.m2/repository/org/apache/lucene/lucene-sandbox/7.7.1/lucene-sandbox-7.7.1.jar:/home/david/.m2/repository/org/apache/lucene/lucene-analyzers-common/7.7.1/lucene-analyzers-common-7.7.1.jar:/home/david/.m2/repository/org/junit/jupiter/junit-jupiter-engine/5.3.1/junit-jupiter-engine-5.3.1.jar:/home/david/.m2/repository/org/apiguardian/apiguardian-api/1.0.0/apiguardian-api-1.0.0.jar:/home/david/.m2/repository/org/junit/platform/junit-platform-engine/1.3.1/junit-platform-engine-1.3.1.jar:/home/david/.m2/repository/org/junit/platform/junit-platform-commons/1.3.1/junit-platform-commons-1.3.1.jar:/home/david/.m2/repository/org/opentest4j/opentest4j/1.1.1/opentest4j-1.1.1.jar:/home/david/.m2/repository/org/junit/jupiter/junit-jupiter-api/5.3.1/junit-jupiter-api-5.3.1.jar:/home/david/.m2/repository/ch/qos/logback/logback-classic/1.2.3/logback-classic-1.2.3.jar:/home/david/.m2/repository/ch/qos/logback/logback-core/1.2.3/logback-core-1.2.3.jar:"/>
    <property name="sun.cpu.endian" value="little"/>
    <property name="user.home" value="/home/david"/>
    <property name="user.language" value="en"/>
    <property name="java.specification.vendor" value="Oracle Corporation"/>
    <property name="java.version.date" value="2022-10-18"/>
    <property name="java.home" value="/usr/lib/jvm/java-17-oracle"/>
    <property name="file.separator" value="/"/>
    <property name="basedir" value="/home/david/CSC483/MiniWatson"/>
    <property name="java.vm.compressedOopsMode" value="Zero based"/>
    <property name="line.separator" value="&#10;"/>
    <property name="java.vm.specification.vendor" value="Oracle Corporation"/>
    <property name="java.specification.name" value="Java Platform API Specification"/>
    <property name="surefire.real.class.path" value="/home/david/CSC483/MiniWatson/target/surefire/surefirebooter5906102696016920636.jar"/>
    <property name="sun.management.compiler" value="HotSpot 64-Bit Tiered Compilers"/>
    <property name="java.runtime.version" value="17.0.5+9-LTS-191"/>
    <property name="user.name" value="david"/>
    <property name="path.separator" value=":"/>
    <property name="os.version" value="5.15.90.1-microsoft-standard-WSL2"/>
    <property name="java.runtime.name" value="Java(TM) SE Runtime Environment"/>
    <property name="file.encoding" value="UTF-8"/>
    <property name="java.vm.name" value="Java HotSpot(TM) 64-Bit Server VM"/>
    <property name="localRepository" value="/home/david/.m2/repository"/>
    <property name="java.vendor.url.bug" value="https://bugreport.java.com/bugreport/"/>
    <property name="java.io.tmpdir" value="/tmp"/>
    <property name="java.version" value="17.0.5"/>
    <property name="user.dir" value="/home/david/CSC483/MiniWatson"/>
    <property name="os.arch" value="amd64"/>
    <property name="java.vm.specification.name" value="Java Virtual Machine Specification"/>
    <property name="native.encoding" value="UTF-8"/>
    <property name="java.library.path" value="/usr/java/packages/lib:/usr/lib64:/lib64:/lib:/usr/lib"/>
    <property name="java.vm.info" value="mixed mode, sharing"/>
    <property name="java.vendor" value="Oracle Corporation"/>
    <property name="java.vm.version" value="17.0.5+9-LTS-191"/>
    <property name="sun.io.unicode.encoding" value="UnicodeLittle"/>
    <property name="java.class.version" value="61.0"/>
  </properties>
  <testcase name="testDocs" classname="TestIndex" time="7,155.327"/>
</testsuite>